running egg_info
writing ../build/aruco_localization/aruco_localization.egg-info/PKG-INFO
writing dependency_links to ../build/aruco_localization/aruco_localization.egg-info/dependency_links.txt
writing entry points to ../build/aruco_localization/aruco_localization.egg-info/entry_points.txt
writing requirements to ../build/aruco_localization/aruco_localization.egg-info/requires.txt
writing top-level names to ../build/aruco_localization/aruco_localization.egg-info/top_level.txt
reading manifest file '../build/aruco_localization/aruco_localization.egg-info/SOURCES.txt'
writing manifest file '../build/aruco_localization/aruco_localization.egg-info/SOURCES.txt'
running build
running build_py
copying aruco_localization/aruco_detector.py -> /home/ilias/aruco./build/aruco_localization/build/lib/aruco_localization
running install
running install_lib
copying /home/ilias/aruco./build/aruco_localization/build/lib/aruco_localization/aruco_detector.py -> /home/ilias/aruco./install/aruco_localization/lib/python3.8/site-packages/aruco_localization
byte-compiling /home/ilias/aruco./install/aruco_localization/lib/python3.8/site-packages/aruco_localization/aruco_detector.py to aruco_detector.cpython-38.pyc
running install_data
running install_egg_info
removing '/home/ilias/aruco./install/aruco_localization/lib/python3.8/site-packages/aruco_localization-0.0.0-py3.8.egg-info' (and everything under it)
Copying ../build/aruco_localization/aruco_localization.egg-info to /home/ilias/aruco./install/aruco_localization/lib/python3.8/site-packages/aruco_localization-0.0.0-py3.8.egg-info
running install_scripts
Installing aruco_detector script to /home/ilias/aruco./install/aruco_localization/lib/aruco_localization
writing list of installed files to '/home/ilias/aruco./build/aruco_localization/install.log'
