[0.343s] Invoking command in '/home/ilias/aruco./aruco_localization': PYTHONPATH=/home/ilias/aruco./build/aruco_localization/prefix_override:/usr/lib/python3/dist-packages/colcon_core/task/python/colcon_distutils_commands:/home/ilias/aruco./install/aruco_localization/lib/python3.8/site-packages:${PYTHONPATH} /usr/bin/python3 -W ignore:setup.py install is deprecated -W ignore:easy_install command is deprecated setup.py egg_info --egg-base ../build/aruco_localization build --build-base /home/ilias/aruco./build/aruco_localization/build install --record /home/ilias/aruco./build/aruco_localization/install.log --install-scripts $base/lib/aruco_localization --single-version-externally-managed install_data
[0.452s] running egg_info
[0.452s] writing ../build/aruco_localization/aruco_localization.egg-info/PKG-INFO
[0.453s] writing dependency_links to ../build/aruco_localization/aruco_localization.egg-info/dependency_links.txt
[0.453s] writing entry points to ../build/aruco_localization/aruco_localization.egg-info/entry_points.txt
[0.453s] writing requirements to ../build/aruco_localization/aruco_localization.egg-info/requires.txt
[0.453s] writing top-level names to ../build/aruco_localization/aruco_localization.egg-info/top_level.txt
[0.472s] reading manifest file '../build/aruco_localization/aruco_localization.egg-info/SOURCES.txt'
[0.472s] writing manifest file '../build/aruco_localization/aruco_localization.egg-info/SOURCES.txt'
[0.472s] running build
[0.473s] running build_py
[0.473s] copying aruco_localization/aruco_detector.py -> /home/ilias/aruco./build/aruco_localization/build/lib/aruco_localization
[0.473s] running install
[0.473s] running install_lib
[0.474s] copying /home/ilias/aruco./build/aruco_localization/build/lib/aruco_localization/aruco_detector.py -> /home/ilias/aruco./install/aruco_localization/lib/python3.8/site-packages/aruco_localization
[0.474s] byte-compiling /home/ilias/aruco./install/aruco_localization/lib/python3.8/site-packages/aruco_localization/aruco_detector.py to aruco_detector.cpython-38.pyc
[0.475s] running install_data
[0.475s] running install_egg_info
[0.476s] removing '/home/ilias/aruco./install/aruco_localization/lib/python3.8/site-packages/aruco_localization-0.0.0-py3.8.egg-info' (and everything under it)
[0.476s] Copying ../build/aruco_localization/aruco_localization.egg-info to /home/ilias/aruco./install/aruco_localization/lib/python3.8/site-packages/aruco_localization-0.0.0-py3.8.egg-info
[0.477s] running install_scripts
[0.486s] Installing aruco_detector script to /home/ilias/aruco./install/aruco_localization/lib/aruco_localization
[0.486s] writing list of installed files to '/home/ilias/aruco./build/aruco_localization/install.log'
[0.498s] Invoked command in '/home/ilias/aruco./aruco_localization' returned '0': PYTHONPATH=/home/ilias/aruco./build/aruco_localization/prefix_override:/usr/lib/python3/dist-packages/colcon_core/task/python/colcon_distutils_commands:/home/ilias/aruco./install/aruco_localization/lib/python3.8/site-packages:${PYTHONPATH} /usr/bin/python3 -W ignore:setup.py install is deprecated -W ignore:easy_install command is deprecated setup.py egg_info --egg-base ../build/aruco_localization build --build-base /home/ilias/aruco./build/aruco_localization/build install --record /home/ilias/aruco./build/aruco_localization/install.log --install-scripts $base/lib/aruco_localization --single-version-externally-managed install_data
